<?xml version="1.0" encoding="UTF-8"?>
<testng-results ignored="0" total="1" passed="1" failed="0" skipped="0">
  <reporter-output>
  </reporter-output>
  <suite started-at="2023-04-18T20:59:44 IST" name="Default suite" finished-at="2023-04-18T21:00:15 IST" duration-ms="30814">
    <groups>
    </groups>
    <test started-at="2023-04-18T20:59:44 IST" name="Default test" finished-at="2023-04-18T21:00:15 IST" duration-ms="30814">
      <class name="uk.co.automationtestingnew.liveproject.OrderCompletionTest_01">
        <test-method is-config="true" signature="setup()[pri:0, instance:uk.co.automationtestingnew.liveproject.OrderCompletionTest_01@18d87d80]" started-at="2023-04-18T20:59:44 IST" name="setup" finished-at="2023-04-18T20:59:47 IST" duration-ms="3234" status="PASS">
          <reporter-output>
          </reporter-output>
        </test-method> <!-- setup -->
        <test-method signature="placingOrder()[pri:0, instance:uk.co.automationtestingnew.liveproject.OrderCompletionTest_01@18d87d80]" started-at="2023-04-18T20:59:47 IST" name="placingOrder" finished-at="2023-04-18T21:00:15 IST" duration-ms="27446" status="PASS">
          <reporter-output>
          </reporter-output>
        </test-method> <!-- placingOrder -->
        <test-method is-config="true" signature="tearDown()[pri:0, instance:uk.co.automationtestingnew.liveproject.OrderCompletionTest_01@18d87d80]" started-at="2023-04-18T21:00:15 IST" name="tearDown" finished-at="2023-04-18T21:00:15 IST" duration-ms="113" status="PASS">
          <reporter-output>
          </reporter-output>
        </test-method> <!-- tearDown -->
      </class> <!-- uk.co.automationtestingnew.liveproject.OrderCompletionTest_01 -->
    </test> <!-- Default test -->
  </suite> <!-- Default suite -->
</testng-results>
